<mxfile userAgent="Mozilla/5.0 (Windows NT 10.0; Win64; x64) AppleWebKit/537.36 (KHTML, like Gecko) Chrome/58.0.3029.110 Safari/537.36" version="6.7.6" editor="www.draw.io" type="device"><diagram id="498205c6-84d4-8891-3050-185c8de415d8" name="Page-1">7VdNj5swEP01HCsBJk447mbTj0OlVumqZwcmYMVgakw++us7BhNAsKuVSnbVVXMI9puxPbx5HmyHrLPzJ8WK9KuMQTi+G58d8uD4vu9Sig+DXBrE80K/QRLFY4t1wJb/Bgu6Fq14DOXAUUspNC+GYCTzHCI9wJhS8jR020sxXLVgCYyAbcTEGP3JY5026JK6Hf4ZeJLalUlr2LHokChZ5XY5xyf7+teYM9ZOZf3LlMXy1IPIxiFrJaVuWtl5DcJw27LWjPv4hPUatoJcv2SAzcqRiQraiKnAofcxP5r49MVSQn9VJqh7DWf9gQme5A65MxnAlUB1dmwl9lnPUxYsb7Hvgh80PwIOeyzN/5qZR+OIQfZ9e3AdSov6g6h8JLAwTYzKBC2rXW3xsFOnAWLbO6Vcw7ZgkTGfULaIpToT1ryXubYy9ALs2zd8sK+HDlyItRRS1euSeAGr2DiWWskD9Cwrf0dQ/+T+CEpzlNSdnUrLol3Ixm/TZRzh/GQGvasucL+BzECrC7rYAYFV0mXYPXWqpSuLpT3Feq0Cmd0pyXXmTi7YsIqZVg8ZqWfjbxD4AaUuR6nq8uHeIB8MVvtoKh80WsFuf9XOX5FNh2SHY7K9KbKDGbgORlx/A7WXKmN5BG/DOZY1P5rkPKY7uqDzcP4i0he3IZ2+ennEIRvBSiwcpjzKrJC54el/jZyxRvruWEJBcKsiubyZhtZVqWWGDr3v6pRk/lFtzK2ChTuUgReGIxlcD2Z9GdAZVLAaqeAx5/pt6jZ4yP5yivuQLgmbqW5Tb7jpgjHbbQLmLtvhiOzetni/jF/PHs9Q7pEbnU/am1uP9C9IRqKY5jJ/z7QT8nq0Y7e7HNa23g2cbP4A</diagram></mxfile>